<?xml version="1.0" encoding="UTF-8" ?>
<testsuite failures="0" time="0.045" errors="0" skipped="0" tests="13" name="edu.louisiana.cacs.csce450Project.SanityCheck">
  <properties>
    <property name="java.runtime.name" value="OpenJDK Runtime Environment"/>
    <property name="sun.boot.library.path" value="/usr/lib/jvm/java-7-openjdk/jre/lib/amd64"/>
    <property name="java.vm.version" value="24.65-b04"/>
    <property name="java.vm.vendor" value="Oracle Corporation"/>
    <property name="java.vendor.url" value="http://java.oracle.com/"/>
    <property name="path.separator" value=":"/>
    <property name="java.vm.name" value="OpenJDK 64-Bit Server VM"/>
    <property name="file.encoding.pkg" value="sun.io"/>
    <property name="user.country" value="US"/>
    <property name="sun.java.launcher" value="SUN_STANDARD"/>
    <property name="sun.os.patch.level" value="unknown"/>
    <property name="java.vm.specification.name" value="Java Virtual Machine Specification"/>
    <property name="user.dir" value="/home/alex/Documents/PL/project/450G_project_ajs6790"/>
    <property name="java.runtime.version" value="1.7.0_65-b32"/>
    <property name="java.awt.graphicsenv" value="sun.awt.X11GraphicsEnvironment"/>
    <property name="basedir" value="/home/alex/Documents/PL/project/450G_project_ajs6790"/>
    <property name="java.endorsed.dirs" value="/usr/lib/jvm/java-7-openjdk/jre/lib/endorsed"/>
    <property name="os.arch" value="amd64"/>
    <property name="java.io.tmpdir" value="/tmp"/>
    <property name="line.separator" value="
"/>
    <property name="java.vm.specification.vendor" value="Oracle Corporation"/>
    <property name="os.name" value="Linux"/>
    <property name="sun.jnu.encoding" value="UTF-8"/>
    <property name="java.library.path" value="/usr/java/packages/lib/amd64:/usr/lib64:/lib64:/lib:/usr/lib"/>
    <property name="java.specification.name" value="Java Platform API Specification"/>
    <property name="java.class.version" value="51.0"/>
    <property name="sun.management.compiler" value="HotSpot 64-Bit Tiered Compilers"/>
    <property name="os.version" value="3.16.3-1-ARCH"/>
    <property name="user.home" value="/home/alex"/>
    <property name="user.timezone" value=""/>
    <property name="java.awt.printerjob" value="sun.print.PSPrinterJob"/>
    <property name="file.encoding" value="UTF-8"/>
    <property name="java.specification.version" value="1.7"/>
    <property name="user.name" value="alex"/>
    <property name="java.class.path" value="/home/alex/.m2/repository/org/apache/maven/surefire/surefire-booter/2.0/surefire-booter-2.0.jar:/home/alex/.m2/repository/org/apache/maven/surefire/surefire-api/2.0/surefire-api-2.0.jar:/home/alex/.m2/repository/org/codehaus/plexus/plexus-utils/1.1/plexus-utils-1.1.jar"/>
    <property name="java.vm.specification.version" value="1.7"/>
    <property name="sun.arch.data.model" value="64"/>
    <property name="java.home" value="/usr/lib/jvm/java-7-openjdk/jre"/>
    <property name="sun.java.command" value="org.apache.maven.surefire.booter.SurefireBooter /tmp/surefire4475146276357821224tmp /tmp/surefire7704599219874154256tmp"/>
    <property name="java.specification.vendor" value="Oracle Corporation"/>
    <property name="user.language" value="en"/>
    <property name="awt.toolkit" value="sun.awt.X11.XToolkit"/>
    <property name="java.vm.info" value="mixed mode"/>
    <property name="java.version" value="1.7.0_65"/>
    <property name="java.ext.dirs" value="/usr/lib/jvm/java-7-openjdk/jre/lib/ext:/usr/java/packages/lib/ext"/>
    <property name="sun.boot.class.path" value="/usr/lib/jvm/java-7-openjdk/jre/lib/resources.jar:/usr/lib/jvm/java-7-openjdk/jre/lib/rt.jar:/usr/lib/jvm/java-7-openjdk/jre/lib/sunrsasign.jar:/usr/lib/jvm/java-7-openjdk/jre/lib/jsse.jar:/usr/lib/jvm/java-7-openjdk/jre/lib/jce.jar:/usr/lib/jvm/java-7-openjdk/jre/lib/charsets.jar:/usr/lib/jvm/java-7-openjdk/jre/lib/rhino.jar:/usr/lib/jvm/java-7-openjdk/jre/lib/jfr.jar:/usr/lib/jvm/java-7-openjdk/jre/classes"/>
    <property name="java.vendor" value="Oracle Corporation"/>
    <property name="localRepository" value="/home/alex/.m2/repository"/>
    <property name="file.separator" value="/"/>
    <property name="java.vendor.url.bug" value="http://bugreport.sun.com/bugreport/"/>
    <property name="sun.cpu.endian" value="little"/>
    <property name="sun.io.unicode.encoding" value="UnicodeLittle"/>
    <property name="sun.desktop" value="gnome"/>
    <property name="sun.cpu.isalist" value=""/>
  </properties>
  <testcase time="0.006" name="edu.louisiana.cacs.csce450Project.SanityCheck.testAddTwo"/>
  <testcase time="0" name="edu.louisiana.cacs.csce450Project.SanityCheck.testThatAssertSameAndAssertNotSameWork"/>
  <testcase time="0.004" name="edu.louisiana.cacs.csce450Project.SanityCheck.testThatHamcrestVersionOfAssertSameAndAssertNotSameWork"/>
  <testcase time="0" name="edu.louisiana.cacs.csce450Project.SanityCheck.testThatAssertNullAndAssertNotNullWork"/>
  <testcase time="0.001" name="edu.louisiana.cacs.csce450Project.SanityCheck.testThatHamcrestVersionOfAssertNullAndNotNullWork"/>
  <testcase time="0" name="edu.louisiana.cacs.csce450Project.SanityCheck.testMultTwo"/>
  <testcase time="0" name="edu.louisiana.cacs.csce450Project.SanityCheck.testDivide"/>
  <testcase time="0" name="edu.louisiana.cacs.csce450Project.SanityCheck.testDivideByZero"/>
  <testcase time="0" name="edu.louisiana.cacs.csce450Project.SanityCheck.testThatAssertTrueAndAssertFalseWork"/>
  <testcase time="0.001" name="edu.louisiana.cacs.csce450Project.SanityCheck.testThatHamcrestVersionsOfAssertTrueFalseWork"/>
  <testcase time="0" name="edu.louisiana.cacs.csce450Project.SanityCheck.testThatAssertEqualsWorks"/>
  <testcase time="0" name="edu.louisiana.cacs.csce450Project.SanityCheck.testThatHamcrestVersionOfAssertEqualsWorks"/>
  <testcase time="0" name="edu.louisiana.cacs.csce450Project.SanityCheck.testSubTwo"/>
</testsuite>